<?xml version="1.0" encoding="UTF-8"?>
<!-- Generated by org.testng.reporters.JUnitReportReporter -->
<testsuite hostname="DESKTOP-6Q11NLM" failures="0" tests="2" name="test1.NewtestNgclass" time="0.024" errors="0" timestamp="2022-09-27T18:45:09 IST" skipped="0">
  <testcase classname="test1.NewtestNgclass" name="test2" time="0.005"/>
  <system-out/>
  <testcase classname="test1.NewtestNgclass" name="test1" time="0.019"/>
  <system-out/>
</testsuite> <!-- test1.NewtestNgclass -->
